{"total": {"lines":{"total":62,"covered":51,"skipped":0,"pct":82.26},"statements":{"total":62,"covered":51,"skipped":0,"pct":82.26},"functions":{"total":10,"covered":10,"skipped":0,"pct":100},"branches":{"total":16,"covered":9,"skipped":0,"pct":56.25}}
,"D:\\Files\\Other\\GitHub\\node-asterer\\bin\\checkInputs\\checkInputs.js": {"lines":{"total":21,"covered":15,"skipped":0,"pct":71.43},"functions":{"total":2,"covered":2,"skipped":0,"pct":100},"statements":{"total":21,"covered":15,"skipped":0,"pct":71.43},"branches":{"total":12,"covered":6,"skipped":0,"pct":50}}
,"D:\\Files\\Other\\GitHub\\node-asterer\\bin\\getConfig\\getConfig.js": {"lines":{"total":21,"covered":18,"skipped":0,"pct":85.71},"functions":{"total":4,"covered":4,"skipped":0,"pct":100},"statements":{"total":21,"covered":18,"skipped":0,"pct":85.71},"branches":{"total":4,"covered":3,"skipped":0,"pct":75}}
,"D:\\Files\\Other\\GitHub\\node-asterer\\bin\\runAST\\runAST.js": {"lines":{"total":12,"covered":11,"skipped":0,"pct":91.67},"functions":{"total":2,"covered":2,"skipped":0,"pct":100},"statements":{"total":12,"covered":11,"skipped":0,"pct":91.67},"branches":{"total":0,"covered":0,"skipped":0,"pct":100}}
,"D:\\Files\\Other\\GitHub\\node-asterer\\bin\\saveAST\\saveAST.js": {"lines":{"total":8,"covered":7,"skipped":0,"pct":87.5},"functions":{"total":2,"covered":2,"skipped":0,"pct":100},"statements":{"total":8,"covered":7,"skipped":0,"pct":87.5},"branches":{"total":0,"covered":0,"skipped":0,"pct":100}}
}
