{"D:\\Files\\Other\\GitHub\\node-asterer\\bin\\checkInputs\\checkInputs.js": {"path":"D:\\Files\\Other\\GitHub\\node-asterer\\bin\\checkInputs\\checkInputs.js","statementMap":{"0":{"start":{"line":1,"column":11},"end":{"line":1,"column":24}},"1":{"start":{"line":2,"column":13},"end":{"line":2,"column":28}},"2":{"start":{"line":4,"column":20},"end":{"line":35,"column":1}},"3":{"start":{"line":5,"column":2},"end":{"line":34,"column":5}},"4":{"start":{"line":6,"column":4},"end":{"line":33,"column":5}},"5":{"start":{"line":7,"column":6},"end":{"line":16,"column":7}},"6":{"start":{"line":8,"column":8},"end":{"line":15,"column":9}},"7":{"start":{"line":9,"column":10},"end":{"line":9,"column":51}},"8":{"start":{"line":11,"column":22},"end":{"line":11,"column":61}},"9":{"start":{"line":12,"column":10},"end":{"line":14,"column":11}},"10":{"start":{"line":13,"column":12},"end":{"line":13,"column":57}},"11":{"start":{"line":17,"column":6},"end":{"line":30,"column":7}},"12":{"start":{"line":18,"column":20},"end":{"line":18,"column":58}},"13":{"start":{"line":19,"column":8},"end":{"line":27,"column":9}},"14":{"start":{"line":20,"column":10},"end":{"line":24,"column":11}},"15":{"start":{"line":21,"column":12},"end":{"line":21,"column":22}},"16":{"start":{"line":23,"column":12},"end":{"line":23,"column":58}},"17":{"start":{"line":26,"column":10},"end":{"line":26,"column":60}},"18":{"start":{"line":29,"column":8},"end":{"line":29,"column":48}},"19":{"start":{"line":32,"column":6},"end":{"line":32,"column":16}},"20":{"start":{"line":37,"column":0},"end":{"line":39,"column":2}}},"fnMap":{"0":{"name":"(anonymous_0)","decl":{"start":{"line":4,"column":20},"end":{"line":4,"column":21}},"loc":{"start":{"line":4,"column":62},"end":{"line":35,"column":1}},"line":4},"1":{"name":"(anonymous_1)","decl":{"start":{"line":5,"column":21},"end":{"line":5,"column":22}},"loc":{"start":{"line":5,"column":42},"end":{"line":34,"column":3}},"line":5}},"branchMap":{"0":{"loc":{"start":{"line":7,"column":6},"end":{"line":16,"column":7}},"type":"if","locations":[{"start":{"line":7,"column":6},"end":{"line":16,"column":7}},{"start":{"line":7,"column":6},"end":{"line":16,"column":7}}],"line":7},"1":{"loc":{"start":{"line":8,"column":8},"end":{"line":15,"column":9}},"type":"if","locations":[{"start":{"line":8,"column":8},"end":{"line":15,"column":9}},{"start":{"line":8,"column":8},"end":{"line":15,"column":9}}],"line":8},"2":{"loc":{"start":{"line":12,"column":10},"end":{"line":14,"column":11}},"type":"if","locations":[{"start":{"line":12,"column":10},"end":{"line":14,"column":11}},{"start":{"line":12,"column":10},"end":{"line":14,"column":11}}],"line":12},"3":{"loc":{"start":{"line":17,"column":6},"end":{"line":30,"column":7}},"type":"if","locations":[{"start":{"line":17,"column":6},"end":{"line":30,"column":7}},{"start":{"line":17,"column":6},"end":{"line":30,"column":7}}],"line":17},"4":{"loc":{"start":{"line":19,"column":8},"end":{"line":27,"column":9}},"type":"if","locations":[{"start":{"line":19,"column":8},"end":{"line":27,"column":9}},{"start":{"line":19,"column":8},"end":{"line":27,"column":9}}],"line":19},"5":{"loc":{"start":{"line":20,"column":10},"end":{"line":24,"column":11}},"type":"if","locations":[{"start":{"line":20,"column":10},"end":{"line":24,"column":11}},{"start":{"line":20,"column":10},"end":{"line":24,"column":11}}],"line":20}},"s":{"0":1,"1":1,"2":1,"3":1,"4":1,"5":1,"6":1,"7":0,"8":1,"9":1,"10":0,"11":1,"12":1,"13":1,"14":1,"15":1,"16":0,"17":0,"18":0,"19":0,"20":1},"f":{"0":1,"1":1},"b":{"0":[1,0],"1":[0,1],"2":[0,1],"3":[1,0],"4":[1,0],"5":[1,0]},"_coverageSchema":"1a1c01bbd47fc00a2c39e90264f33305004495a9","hash":"987d12c9bf367779cd3974f4c6b6f6f7ff2759cc"}
,"D:\\Files\\Other\\GitHub\\node-asterer\\bin\\getConfig\\getConfig.js": {"path":"D:\\Files\\Other\\GitHub\\node-asterer\\bin\\getConfig\\getConfig.js","statementMap":{"0":{"start":{"line":1,"column":11},"end":{"line":1,"column":24}},"1":{"start":{"line":2,"column":13},"end":{"line":2,"column":28}},"2":{"start":{"line":4,"column":26},"end":{"line":4,"column":63}},"3":{"start":{"line":6,"column":16},"end":{"line":19,"column":1}},"4":{"start":{"line":7,"column":2},"end":{"line":18,"column":5}},"5":{"start":{"line":8,"column":4},"end":{"line":17,"column":5}},"6":{"start":{"line":9,"column":6},"end":{"line":14,"column":7}},"7":{"start":{"line":10,"column":27},"end":{"line":10,"column":64}},"8":{"start":{"line":11,"column":8},"end":{"line":11,"column":40}},"9":{"start":{"line":13,"column":8},"end":{"line":13,"column":47}},"10":{"start":{"line":16,"column":6},"end":{"line":16,"column":16}},"11":{"start":{"line":25,"column":18},"end":{"line":39,"column":1}},"12":{"start":{"line":26,"column":2},"end":{"line":38,"column":5}},"13":{"start":{"line":27,"column":4},"end":{"line":37,"column":5}},"14":{"start":{"line":28,"column":6},"end":{"line":34,"column":7}},"15":{"start":{"line":29,"column":23},"end":{"line":29,"column":49}},"16":{"start":{"line":30,"column":8},"end":{"line":30,"column":24}},"17":{"start":{"line":32,"column":23},"end":{"line":32,"column":55}},"18":{"start":{"line":33,"column":8},"end":{"line":33,"column":24}},"19":{"start":{"line":36,"column":6},"end":{"line":36,"column":16}},"20":{"start":{"line":41,"column":0},"end":{"line":44,"column":2}}},"fnMap":{"0":{"name":"(anonymous_0)","decl":{"start":{"line":6,"column":16},"end":{"line":6,"column":17}},"loc":{"start":{"line":6,"column":31},"end":{"line":19,"column":1}},"line":6},"1":{"name":"(anonymous_1)","decl":{"start":{"line":7,"column":21},"end":{"line":7,"column":22}},"loc":{"start":{"line":7,"column":42},"end":{"line":18,"column":3}},"line":7},"2":{"name":"(anonymous_2)","decl":{"start":{"line":25,"column":18},"end":{"line":25,"column":19}},"loc":{"start":{"line":25,"column":35},"end":{"line":39,"column":1}},"line":25},"3":{"name":"(anonymous_3)","decl":{"start":{"line":26,"column":21},"end":{"line":26,"column":22}},"loc":{"start":{"line":26,"column":48},"end":{"line":38,"column":3}},"line":26}},"branchMap":{"0":{"loc":{"start":{"line":9,"column":6},"end":{"line":14,"column":7}},"type":"if","locations":[{"start":{"line":9,"column":6},"end":{"line":14,"column":7}},{"start":{"line":9,"column":6},"end":{"line":14,"column":7}}],"line":9},"1":{"loc":{"start":{"line":28,"column":6},"end":{"line":34,"column":7}},"type":"if","locations":[{"start":{"line":28,"column":6},"end":{"line":34,"column":7}},{"start":{"line":28,"column":6},"end":{"line":34,"column":7}}],"line":28}},"s":{"0":3,"1":3,"2":3,"3":3,"4":4,"5":4,"6":4,"7":4,"8":4,"9":0,"10":0,"11":3,"12":3,"13":3,"14":3,"15":2,"16":2,"17":1,"18":1,"19":0,"20":3},"f":{"0":4,"1":4,"2":3,"3":3},"b":{"0":[4,0],"1":[2,1]},"_coverageSchema":"1a1c01bbd47fc00a2c39e90264f33305004495a9","hash":"b6019f280397649ece8485847bed9f19bb354203"}
,"D:\\Files\\Other\\GitHub\\node-asterer\\bin\\runAST\\runAST.js": {"path":"D:\\Files\\Other\\GitHub\\node-asterer\\bin\\runAST\\runAST.js","statementMap":{"0":{"start":{"line":1,"column":19},"end":{"line":1,"column":35}},"1":{"start":{"line":2,"column":22},"end":{"line":2,"column":55}},"2":{"start":{"line":3,"column":11},"end":{"line":3,"column":24}},"3":{"start":{"line":5,"column":15},"end":{"line":18,"column":1}},"4":{"start":{"line":6,"column":2},"end":{"line":17,"column":5}},"5":{"start":{"line":7,"column":4},"end":{"line":16,"column":5}},"6":{"start":{"line":8,"column":32},"end":{"line":8,"column":70}},"7":{"start":{"line":9,"column":21},"end":{"line":9,"column":49}},"8":{"start":{"line":11,"column":25},"end":{"line":11,"column":64}},"9":{"start":{"line":13,"column":6},"end":{"line":13,"column":26}},"10":{"start":{"line":15,"column":6},"end":{"line":15,"column":16}},"11":{"start":{"line":20,"column":0},"end":{"line":22,"column":2}}},"fnMap":{"0":{"name":"(anonymous_0)","decl":{"start":{"line":5,"column":15},"end":{"line":5,"column":16}},"loc":{"start":{"line":5,"column":44},"end":{"line":18,"column":1}},"line":5},"1":{"name":"(anonymous_1)","decl":{"start":{"line":6,"column":21},"end":{"line":6,"column":22}},"loc":{"start":{"line":6,"column":48},"end":{"line":17,"column":3}},"line":6}},"branchMap":{},"s":{"0":2,"1":2,"2":2,"3":2,"4":2,"5":2,"6":2,"7":2,"8":2,"9":2,"10":0,"11":2},"f":{"0":2,"1":2},"b":{},"_coverageSchema":"1a1c01bbd47fc00a2c39e90264f33305004495a9","hash":"748547431ba9ae1adb7ab0d321f972210a4065d4"}
,"D:\\Files\\Other\\GitHub\\node-asterer\\bin\\saveAST\\saveAST.js": {"path":"D:\\Files\\Other\\GitHub\\node-asterer\\bin\\saveAST\\saveAST.js","statementMap":{"0":{"start":{"line":1,"column":11},"end":{"line":1,"column":24}},"1":{"start":{"line":3,"column":16},"end":{"line":12,"column":1}},"2":{"start":{"line":4,"column":2},"end":{"line":11,"column":5}},"3":{"start":{"line":5,"column":4},"end":{"line":10,"column":5}},"4":{"start":{"line":6,"column":6},"end":{"line":6,"column":73}},"5":{"start":{"line":7,"column":6},"end":{"line":7,"column":16}},"6":{"start":{"line":9,"column":6},"end":{"line":9,"column":16}},"7":{"start":{"line":14,"column":0},"end":{"line":16,"column":2}}},"fnMap":{"0":{"name":"(anonymous_0)","decl":{"start":{"line":3,"column":16},"end":{"line":3,"column":17}},"loc":{"start":{"line":3,"column":45},"end":{"line":12,"column":1}},"line":3},"1":{"name":"(anonymous_1)","decl":{"start":{"line":4,"column":21},"end":{"line":4,"column":22}},"loc":{"start":{"line":4,"column":42},"end":{"line":11,"column":3}},"line":4}},"branchMap":{},"s":{"0":1,"1":1,"2":1,"3":1,"4":1,"5":1,"6":0,"7":1},"f":{"0":1,"1":1},"b":{},"_coverageSchema":"1a1c01bbd47fc00a2c39e90264f33305004495a9","hash":"7100b4d1f6a12eaa70c81a13dc50e03806a7900b"}
}
