TN:
SF:bin\checkInputs\checkInputs.js
FN:4,(anonymous_0)
FN:5,(anonymous_1)
FNF:2
FNH:2
FNDA:1,(anonymous_0)
FNDA:1,(anonymous_1)
DA:1,1
DA:2,1
DA:4,1
DA:5,1
DA:6,1
DA:7,1
DA:8,1
DA:9,0
DA:11,1
DA:12,1
DA:13,0
DA:17,1
DA:18,1
DA:19,1
DA:20,1
DA:21,1
DA:23,0
DA:26,0
DA:29,0
DA:32,0
DA:37,1
LF:21
LH:15
BRDA:7,0,0,1
BRDA:7,0,1,0
BRDA:8,1,0,0
BRDA:8,1,1,1
BRDA:12,2,0,0
BRDA:12,2,1,1
BRDA:17,3,0,1
BRDA:17,3,1,0
BRDA:19,4,0,1
BRDA:19,4,1,0
BRDA:20,5,0,1
BRDA:20,5,1,0
BRF:12
BRH:6
end_of_record
TN:
SF:bin\getConfig\getConfig.js
FN:6,(anonymous_0)
FN:7,(anonymous_1)
FN:25,(anonymous_2)
FN:26,(anonymous_3)
FNF:4
FNH:4
FNDA:4,(anonymous_0)
FNDA:4,(anonymous_1)
FNDA:3,(anonymous_2)
FNDA:3,(anonymous_3)
DA:1,3
DA:2,3
DA:4,3
DA:6,3
DA:7,4
DA:8,4
DA:9,4
DA:10,4
DA:11,4
DA:13,0
DA:16,0
DA:25,3
DA:26,3
DA:27,3
DA:28,3
DA:29,2
DA:30,2
DA:32,1
DA:33,1
DA:36,0
DA:41,3
LF:21
LH:18
BRDA:9,0,0,4
BRDA:9,0,1,0
BRDA:28,1,0,2
BRDA:28,1,1,1
BRF:4
BRH:3
end_of_record
TN:
SF:bin\runAST\runAST.js
FN:5,(anonymous_0)
FN:6,(anonymous_1)
FNF:2
FNH:2
FNDA:2,(anonymous_0)
FNDA:2,(anonymous_1)
DA:1,2
DA:2,2
DA:3,2
DA:5,2
DA:6,2
DA:7,2
DA:8,2
DA:9,2
DA:11,2
DA:13,2
DA:15,0
DA:20,2
LF:12
LH:11
BRF:0
BRH:0
end_of_record
TN:
SF:bin\saveAST\saveAST.js
FN:3,(anonymous_0)
FN:4,(anonymous_1)
FNF:2
FNH:2
FNDA:1,(anonymous_0)
FNDA:1,(anonymous_1)
DA:1,1
DA:3,1
DA:4,1
DA:5,1
DA:6,1
DA:7,1
DA:9,0
DA:14,1
LF:8
LH:7
BRF:0
BRH:0
end_of_record
